Resolving dependencies...
Downloading packages...
  _discoveryapis_commons 1.0.6 (1.0.7 available)
  _fe_analyzer_shared 67.0.0 (82.0.0 available)
  _flutterfire_internals 1.3.35 (1.3.56 available)
  analyzer 6.4.1 (7.4.5 available)
  bloc 8.1.4 (9.0.0 available)
  build 2.4.1 (2.5.3 available)
  build_config 1.1.1 (1.1.2 available)
  build_daemon 4.0.1 (4.0.4 available)
  build_resolvers 2.4.2 (2.5.3 available)
  build_runner 2.4.9 (2.5.3 available)
  build_runner_core 7.3.0 (9.1.1 available)
  checked_yaml 2.0.3 (2.0.4 available)
  cloud_firestore 4.17.5 (5.6.9 available)
  REDACTED_TOKEN 6.2.5 (6.6.9 available)
  cloud_firestore_web 3.12.5 (4.4.9 available)
  cloud_functions 4.7.6 (5.5.2 available)
  REDACTED_TOKEN 5.5.28 (5.7.2 available)
  cloud_functions_web 4.9.6 (4.11.2 available)
  code_builder 4.10.0 (4.10.1 available)
  convert 3.1.1 (3.1.2 available)
  crypto 3.0.3 (3.0.6 available)
  dart_style 2.3.6 (3.1.0 available)
  ffi 2.1.3 (2.1.4 available)
  file_picker 6.2.1 (10.2.0 available)
  file_selector_macos 0.9.4+2 (0.9.4+3 available)
  file_selector_windows 0.9.3+3 (0.9.3+4 available)
  firebase_analytics 10.10.7 (11.5.0 available)
  REDACTED_TOKEN 3.10.8 (4.4.0 available)
  firebase_analytics_web 0.5.7+7 (0.5.10+13 available)
  firebase_auth 4.20.0 (5.6.0 available)
  REDACTED_TOKEN 7.3.0 (7.7.0 available)
  firebase_auth_web 5.12.0 (5.15.0 available)
  firebase_core 2.32.0 (3.14.0 available)
  firebase_core_web 2.17.5 (2.23.0 available)
  firebase_messaging 14.9.4 (15.2.7 available)
  REDACTED_TOKEN 4.5.37 (4.6.7 available)
  firebase_messaging_web 3.8.7 (3.10.7 available)
  firebase_storage 11.7.7 (12.4.7 available)
  REDACTED_TOKEN 5.1.22 (5.2.7 available)
  firebase_storage_web 3.9.7 (3.10.14 available)
  fl_chart 0.66.2 (1.0.0 available)
  flutter_bloc 8.1.6 (9.1.1 available)
  REDACTED_TOKEN 2.0.19 (2.0.28 available)
  flutter_secure_storage_linux 1.2.3 (2.0.1 available)
  flutter_secure_storage_macos 3.1.3 (4.0.0 available)
  REDACTED_TOKEN 1.1.2 (2.0.1 available)
  flutter_secure_storage_web 1.2.1 (2.0.0 available)
  flutter_secure_storage_windows 3.1.2 (4.0.0 available)
  flutter_web_auth_2 2.2.1 (4.1.0 available)
  REDACTED_TOKEN 2.1.4 (4.1.0 available)
  freezed 2.5.2 (3.0.6 available)
  freezed_annotation 2.4.4 (3.0.0 available)
  geolocator 9.0.2 (14.0.1 available)
  geolocator_android 4.6.1 (5.0.1+1 available)
  geolocator_apple 2.3.9 (2.3.13 available)
  geolocator_platform_interface 4.2.4 (4.2.6 available)
  geolocator_web 2.2.1 (4.1.3 available)
  geolocator_windows 0.1.3 (0.2.5 available)
  go_router 13.2.5 (15.2.3 available)
  google_identity_services_web 0.3.1+4 (0.3.3+1 available)
  google_maps 7.1.0 (8.1.1 available)
  google_maps_flutter 2.6.1 (2.12.3 available)
  google_maps_flutter_android 2.8.0 (2.16.1 available)
  google_maps_flutter_ios 2.13.2 (2.15.4 available)
  REDACTED_TOKEN 2.9.5 (2.12.1 available)
  google_maps_flutter_web 0.5.8 (0.5.12+1 available)
  google_mobile_ads 4.0.0 (6.0.0 available)
  googleapis 12.0.0 (14.0.0 available)
  googleapis_auth 1.6.0 (2.0.0 available)
  graphs 2.3.1 (2.3.2 available)
  http 1.2.2 (1.4.0 available)
  http_parser 4.0.2 (4.1.2 available)
  image_picker_android 0.8.12+1 (0.8.12+23 available)
  image_picker_for_web 3.0.5 (3.0.6 available)
  image_picker_ios 0.8.12+1 (0.8.12+2 available)
  image_picker_linux 0.2.1+1 (0.2.1+2 available)
  image_picker_macos 0.2.1+1 (0.2.1+2 available)
  image_picker_platform_interface 2.10.0 (2.10.1 available)
! intl 0.20.2 (overridden)
  io 1.0.4 (1.0.5 available)
  js 0.6.7 (0.7.2 available)
  json_serializable 6.8.0 (6.9.5 available)
  leak_tracker 10.0.9 (11.0.1 available)
  leak_tracker_flutter_testing 3.0.9 (3.0.10 available)
  leak_tracker_testing 3.0.1 (3.0.2 available)
  logging 1.2.0 (1.3.0 available)
  material_color_utilities 0.11.1 (0.13.0 available)
  meta 1.16.0 (1.17.0 available)
  mime 1.0.6 (2.0.0 available)
  mockito 5.4.4 (5.4.6 available)
  package_config 2.1.0 (2.2.0 available)
  path_provider 2.1.4 (2.1.5 available)
  path_provider_android 2.2.4 (2.2.17 available)
  pub_semver 2.1.4 (2.2.0 available)
  pubspec_parse 1.4.0 (1.5.0 available)
  share_plus 7.2.2 (11.0.0 available)
  share_plus_platform_interface 3.4.0 (6.0.0 available)
  shelf 1.4.1 (1.4.2 available)
  shelf_web_socket 1.0.4 (3.0.0 available)
  source_gen 1.5.0 (2.0.0 available)
  source_helper 1.3.4 (1.3.5 available)
  test_api 0.7.4 (0.7.6 available)
  timing 1.0.1 (1.0.2 available)
  typed_data 1.3.2 (1.4.0 available)
  uni_links 0.5.1 (discontinued replaced by app_links)
  url_launcher_android 6.3.2 (6.3.16 available)
  url_launcher_ios 6.3.2 (6.3.3 available)
  url_launcher_web 2.3.3 (2.4.1 available)
  url_launcher_windows 3.1.3 (3.1.4 available)
  vector_math 2.1.4 (2.2.0 available)
  vm_service 15.0.0 (15.0.2 available)
  web 0.5.1 (1.1.1 available)
  web_socket_channel 2.4.5 (3.0.3 available)
  webview_flutter 4.8.0 (4.13.0 available)
  webview_flutter_android 3.16.3 (4.7.0 available)
  REDACTED_TOKEN 2.10.0 (2.13.1 available)
  webview_flutter_wkwebview 3.14.0 (3.22.0 available)
  win32 5.5.0 (5.14.0 available)
  yaml 3.1.2 (3.1.3 available)
Got dependencies!
1 package is discontinued.
117 packages have newer versions incompatible with dependency constraints.
Try `flutter pub outdated` for more information.
Analyzing APP-OINT...                                           

warning • The declaration '_formatDate' isn't referenced • lib/features/admin/admin_broadcast_screen.dart:922:10 • unused_element
warning • The value of the local variable 'l10n' isn't used • lib/features/admin/admin_playtime_games_screen.dart:17:11 • unused_local_variable
warning • The value of the local variable 'l10n' isn't used • lib/features/admin/admin_playtime_games_screen.dart:646:11 • unused_local_variable
warning • The declaration '_getStatusColor' isn't referenced • lib/features/playtime/screens/parent_dashboard_screen.dart:623:9 • unused_element
warning • The value of the local variable 'mockFirebaseAuth' isn't used • test/features/admin/admin_panel_integration_test.dart:30:27 • unused_local_variable
warning • The value of the local variable 'mockFirestore' isn't used • test/features/admin/admin_panel_integration_test.dart:31:32 • unused_local_variable

