Flutter crash report.
Please report a bug at https://github.com/flutter/flutter/issues.

## command

flutter gen-l10n --verbose

## exception

_TypeError: Null check operator used on a null value

```
#0      LocalizationsGenerator._generateMethod.<anonymous closure> (package:flutter_tools/src/localizations/gen_l10n.dart:1272:79)
#1      MappedListIterable.elementAt (dart:_internal/iterable.dart:442:31)
#2      ListIterable.join (dart:_internal/iterable.dart:175:22)
#3      LocalizationsGenerator._generateMethod (package:flutter_tools/src/localizations/gen_l10n.dart:1272:82)
#4      LocalizationsGenerator._generateBaseClassFile.<anonymous closure> (package:flutter_tools/src/localizations/gen_l10n.dart:1082:14)
#5      MappedListIterable.elementAt (dart:_internal/iterable.dart:442:31)
#6      ListIterable.join (dart:_internal/iterable.dart:166:22)
#7      LocalizationsGenerator._generateBaseClassFile (package:flutter_tools/src/localizations/gen_l10n.dart:1092:43)
#8      LocalizationsGenerator._generateCode (package:flutter_tools/src/localizations/gen_l10n.dart:1187:46)
#9      LocalizationsGenerator.writeOutputFiles (package:flutter_tools/src/localizations/gen_l10n.dart:1456:47)
#10     generateLocalizations (package:flutter_tools/src/localizations/gen_l10n.dart:80:13)
#11     GenerateLocalizationsCommand.runCommand (package:flutter_tools/src/commands/generate_localizations.dart:277:11)
#12     FlutterCommand.verifyThenRunCommand (package:flutter_tools/src/runner/flutter_command.dart:1909:12)
<asynchronous suspension>
#13     FlutterCommand.run.<anonymous closure> (package:flutter_tools/src/runner/flutter_command.dart:1563:27)
<asynchronous suspension>
#14     AppContext.run.<anonymous closure> (package:flutter_tools/src/base/context.dart:154:19)
<asynchronous suspension>
#15     CommandRunner.runCommand (package:args/command_runner.dart:212:13)
<asynchronous suspension>
#16     FlutterCommandRunner.runCommand.<anonymous closure> (package:flutter_tools/src/runner/flutter_command_runner.dart:494:9)
<asynchronous suspension>
#17     AppContext.run.<anonymous closure> (package:flutter_tools/src/base/context.dart:154:19)
<asynchronous suspension>
#18     FlutterCommandRunner.runCommand (package:flutter_tools/src/runner/flutter_command_runner.dart:431:5)
<asynchronous suspension>
#19     run.<anonymous closure>.<anonymous closure> (package:flutter_tools/runner.dart:98:11)
<asynchronous suspension>
#20     AppContext.run.<anonymous closure> (package:flutter_tools/src/base/context.dart:154:19)
<asynchronous suspension>
#21     main (package:flutter_tools/executable.dart:102:3)
<asynchronous suspension>
```

## flutter doctor

```
[32m[✓][39m Flutter (Channel stable, 3.32.4, on macOS 12.7.6 21H1320 darwin-x64, locale it-IT) [379ms]
    [32m•[39m Flutter version 3.32.4 on channel stable at /Users/a/flutter
    [32m•[39m Upstream repository https://github.com/flutter/flutter.git
    [32m•[39m Framework revision 6fba2447e9 (8 days ago), 2025-06-12 19:03:56 -0700
    [32m•[39m Engine revision 8cd19e509d
    [32m•[39m Dart version 3.8.1
    [32m•[39m DevTools version 2.45.1

[32m[✓][39m Android toolchain - develop for Android devices (Android SDK version 35.0.1) [4,1s]
    [32m•[39m Android SDK at /Users/a/Library/Android/sdk
    [32m•[39m Platform android-35, build-tools 35.0.1
    [32m•[39m Java binary at: /Applications/Android Studio.app/Contents/jbr/Contents/Home/bin/java
      This is the JDK bundled with the latest Android Studio installation on this machine.
      To manually set the JDK path, use: `flutter config --jdk-dir="path/to/jdk"`.
    [32m•[39m Java version OpenJDK Runtime Environment (build 21.0.5+-13047016-b750.29)
    [32m•[39m All Android licenses accepted.

[31m[✗][39m Xcode - develop for iOS and macOS [265ms]
    [31m✗[39m Xcode installation is incomplete; a full installation is necessary for iOS and macOS development.
      Download at: https://developer.apple.com/xcode/
      Or install Xcode via the App Store.
      Once installed, run:
        sudo xcode-select --switch /Applications/Xcode.app/Contents/Developer
        sudo xcodebuild -runFirstLaunch
    [31m✗[39m CocoaPods not installed.
        CocoaPods is a package manager for iOS or macOS platform code.
        Without CocoaPods, plugins will not work on iOS or macOS.
        For more info, see https://flutter.dev/to/platform-plugins
      For installation instructions, see
      https://guides.cocoapods.org/using/getting-started.html#installation

[32m[✓][39m Chrome - develop for the web [88ms]
    [32m•[39m Chrome at /Applications/Google Chrome.app/Contents/MacOS/Google Chrome

[32m[✓][39m Android Studio (version 2024.3) [84ms]
    [32m•[39m Android Studio at /Applications/Android Studio.app/Contents
    [32m•[39m Flutter plugin can be installed from:
      🔨 https://plugins.jetbrains.com/plugin/9212-flutter
    [32m•[39m Dart plugin can be installed from:
      🔨 https://plugins.jetbrains.com/plugin/6351-dart
    [32m•[39m Java version OpenJDK Runtime Environment (build 21.0.5+-13047016-b750.29)

[32m[✓][39m VS Code (version 1.99.2) [78ms]
    [32m•[39m VS Code at /Users/a/Desktop/Visual Studio Code.app/Contents
    [32m•[39m Flutter extension can be installed from:
      🔨 https://marketplace.visualstudio.com/items?itemName=Dart-Code.flutter

[32m[✓][39m Connected device (2 available) [395ms]
    [32m•[39m macOS (desktop) • macos  • darwin-x64     • macOS 12.7.6 21H1320 darwin-x64
    [32m•[39m Chrome (web)    • chrome • web-javascript • Google Chrome 137.0.7151.120

[32m[✓][39m Network resources [355ms]
    [32m•[39m All expected network resources are available.

[33m![39m Doctor found issues in 1 category.
```
